\BOOKMARK [0][-]{chapter.1}{\376\377\000g\000l\000o\000s\000s\000y\000g\000l\000o\000s\000s}{}% 1
\BOOKMARK [0][-]{chapter.2}{\376\377\000H\000i\000e\000r\000a\000r\000c\000h\000i\000c\000a\000l\000\040\000I\000n\000d\000e\000x}{}% 2
\BOOKMARK [1][-]{section.2.1}{\376\377\000C\000l\000a\000s\000s\000\040\000H\000i\000e\000r\000a\000r\000c\000h\000y}{chapter.2}% 3
\BOOKMARK [0][-]{chapter.3}{\376\377\000C\000l\000a\000s\000s\000\040\000I\000n\000d\000e\000x}{}% 4
\BOOKMARK [1][-]{section.3.1}{\376\377\000C\000l\000a\000s\000s\000\040\000L\000i\000s\000t}{chapter.3}% 5
\BOOKMARK [0][-]{chapter.4}{\376\377\000F\000i\000l\000e\000\040\000I\000n\000d\000e\000x}{}% 6
\BOOKMARK [1][-]{section.4.1}{\376\377\000F\000i\000l\000e\000\040\000L\000i\000s\000t}{chapter.4}% 7
\BOOKMARK [0][-]{chapter.5}{\376\377\000C\000l\000a\000s\000s\000\040\000D\000o\000c\000u\000m\000e\000n\000t\000a\000t\000i\000o\000n}{}% 8
\BOOKMARK [1][-]{section.5.1}{\376\377\000A\000l\000v\000e\000o\000l\000e\000\040\000C\000l\000a\000s\000s\000\040\000R\000e\000f\000e\000r\000e\000n\000c\000e}{chapter.5}% 9
\BOOKMARK [2][-]{subsection.5.1.1}{\376\377\000D\000e\000t\000a\000i\000l\000e\000d\000\040\000D\000e\000s\000c\000r\000i\000p\000t\000i\000o\000n}{section.5.1}% 10
\BOOKMARK [2][-]{subsection.5.1.2}{\376\377\000C\000o\000n\000s\000t\000r\000u\000c\000t\000o\000r\000\040\000\046\000\040\000D\000e\000s\000t\000r\000u\000c\000t\000o\000r\000\040\000D\000o\000c\000u\000m\000e\000n\000t\000a\000t\000i\000o\000n}{section.5.1}% 11
\BOOKMARK [3][-]{subsubsection.5.1.2.1}{\376\377\000A\000l\000v\000e\000o\000l\000e}{subsection.5.1.2}% 12
\BOOKMARK [3][-]{subsubsection.5.1.2.2}{\376\377\000A\000l\000v\000e\000o\000l\000e}{subsection.5.1.2}% 13
\BOOKMARK [2][-]{subsection.5.1.3}{\376\377\000M\000e\000m\000b\000e\000r\000\040\000F\000u\000n\000c\000t\000i\000o\000n\000\040\000D\000o\000c\000u\000m\000e\000n\000t\000a\000t\000i\000o\000n}{section.5.1}% 14
\BOOKMARK [3][-]{subsubsection.5.1.3.1}{\376\377\000\137\000n\000e\000x\000t}{subsection.5.1.3}% 15
\BOOKMARK [3][-]{subsubsection.5.1.3.2}{\376\377\000\137\000v\000a\000l\000u\000e}{subsection.5.1.3}% 16
\BOOKMARK [1][-]{section.5.2}{\376\377\000H\000a\000s\000h\000E\000x\000c\000e\000p\000t\000i\000o\000n\000\040\000C\000l\000a\000s\000s\000\040\000R\000e\000f\000e\000r\000e\000n\000c\000e}{chapter.5}% 17
\BOOKMARK [2][-]{subsection.5.2.1}{\376\377\000D\000e\000t\000a\000i\000l\000e\000d\000\040\000D\000e\000s\000c\000r\000i\000p\000t\000i\000o\000n}{section.5.2}% 18
\BOOKMARK [2][-]{subsection.5.2.2}{\376\377\000C\000o\000n\000s\000t\000r\000u\000c\000t\000o\000r\000\040\000\046\000\040\000D\000e\000s\000t\000r\000u\000c\000t\000o\000r\000\040\000D\000o\000c\000u\000m\000e\000n\000t\000a\000t\000i\000o\000n}{section.5.2}% 19
\BOOKMARK [3][-]{subsubsection.5.2.2.1}{\376\377\000H\000a\000s\000h\000E\000x\000c\000e\000p\000t\000i\000o\000n}{subsection.5.2.2}% 20
\BOOKMARK [3][-]{subsubsection.5.2.2.2}{\376\377\000B\000a\000g\000E\000x\000c\000e\000p\000t\000i\000o\000n}{subsection.5.2.2}% 21
\BOOKMARK [2][-]{subsection.5.2.3}{\376\377\000M\000e\000m\000b\000e\000r\000\040\000F\000u\000n\000c\000t\000i\000o\000n\000\040\000D\000o\000c\000u\000m\000e\000n\000t\000a\000t\000i\000o\000n}{section.5.2}% 22
\BOOKMARK [3][-]{subsubsection.5.2.3.1}{\376\377\000w\000h\000a\000t}{subsection.5.2.3}% 23
\BOOKMARK [1][-]{section.5.3}{\376\377\000K\000n\000o\000t\000\040\000C\000l\000a\000s\000s\000\040\000R\000e\000f\000e\000r\000e\000n\000c\000e}{chapter.5}% 24
\BOOKMARK [2][-]{subsection.5.3.1}{\376\377\000C\000o\000n\000s\000t\000r\000u\000c\000t\000o\000r\000\040\000\046\000\040\000D\000e\000s\000t\000r\000u\000c\000t\000o\000r\000\040\000D\000o\000c\000u\000m\000e\000n\000t\000a\000t\000i\000o\000n}{section.5.3}% 25
\BOOKMARK [3][-]{subsubsection.5.3.1.1}{\376\377\000K\000n\000o\000t}{subsection.5.3.1}% 26
\BOOKMARK [3][-]{subsubsection.5.3.1.2}{\376\377\000K\000n\000o\000t}{subsection.5.3.1}% 27
\BOOKMARK [3][-]{subsubsection.5.3.1.3}{\376\377\000K\000n\000o\000t}{subsection.5.3.1}% 28
\BOOKMARK [2][-]{subsection.5.3.2}{\376\377\000M\000e\000m\000b\000e\000r\000\040\000F\000u\000n\000c\000t\000i\000o\000n\000\040\000D\000o\000c\000u\000m\000e\000n\000t\000a\000t\000i\000o\000n}{section.5.3}% 29
\BOOKMARK [3][-]{subsubsection.5.3.2.1}{\376\377\000a\000p\000p\000e\000n\000d}{subsection.5.3.2}% 30
\BOOKMARK [3][-]{subsubsection.5.3.2.2}{\376\377\000h\000e\000i\000g\000h\000t}{subsection.5.3.2}% 31
\BOOKMARK [3][-]{subsubsection.5.3.2.3}{\376\377\000i\000s\000L\000e\000a\000f}{subsection.5.3.2}% 32
\BOOKMARK [3][-]{subsubsection.5.3.2.4}{\376\377\000o\000p\000e\000r\000a\000t\000o\000r\000!\000=}{subsection.5.3.2}% 33
\BOOKMARK [3][-]{subsubsection.5.3.2.5}{\376\377\000o\000p\000e\000r\000a\000t\000o\000r\000=}{subsection.5.3.2}% 34
\BOOKMARK [3][-]{subsubsection.5.3.2.6}{\376\377\000o\000p\000e\000r\000a\000t\000o\000r\000=\000=}{subsection.5.3.2}% 35
\BOOKMARK [3][-]{subsubsection.5.3.2.7}{\376\377\000r\000e\000m\000o\000v\000e}{subsection.5.3.2}% 36
\BOOKMARK [3][-]{subsubsection.5.3.2.8}{\376\377\000t\000o\000S\000t\000r\000i\000n\000g}{subsection.5.3.2}% 37
\BOOKMARK [0][-]{chapter.6}{\376\377\000F\000i\000l\000e\000\040\000D\000o\000c\000u\000m\000e\000n\000t\000a\000t\000i\000o\000n}{}% 38
\BOOKMARK [1][-]{section.6.1}{\376\377\000H\000a\000s\000h\000E\000x\000c\000e\000p\000t\000i\000o\000n\000.\000h\000p\000p\000\040\000F\000i\000l\000e\000\040\000R\000e\000f\000e\000r\000e\000n\000c\000e}{chapter.6}% 39
\BOOKMARK [2][-]{subsection.6.1.1}{\376\377\000D\000e\000t\000a\000i\000l\000e\000d\000\040\000D\000e\000s\000c\000r\000i\000p\000t\000i\000o\000n}{section.6.1}% 40
\BOOKMARK [2][-]{subsection.6.1.2}{\376\377\000F\000i\000l\000e\000\040\000d\000e\000s\000c\000r\000i\000p\000t\000i\000o\000n}{section.6.1}% 41
\BOOKMARK [2][-]{subsection.6.1.3}{\376\377\000C\000o\000p\000y\000r\000i\000g\000h\000t}{section.6.1}% 42
\BOOKMARK [2][-]{subsection.6.1.4}{\376\377\000F\000i\000l\000e\000\040\000i\000n\000f\000o\000r\000m\000a\000t\000i\000o\000n\000s}{section.6.1}% 43
\BOOKMARK [1][-]{section.6.2}{\376\377\000H\000a\000s\000h\000T\000a\000b\000l\000e\000.\000h\000p\000p\000\040\000F\000i\000l\000e\000\040\000R\000e\000f\000e\000r\000e\000n\000c\000e}{chapter.6}% 44
\BOOKMARK [2][-]{subsection.6.2.1}{\376\377\000D\000e\000t\000a\000i\000l\000e\000d\000\040\000D\000e\000s\000c\000r\000i\000p\000t\000i\000o\000n}{section.6.2}% 45
\BOOKMARK [2][-]{subsection.6.2.2}{\376\377\000F\000i\000l\000e\000\040\000d\000e\000s\000c\000r\000i\000p\000t\000i\000o\000n}{section.6.2}% 46
\BOOKMARK [2][-]{subsection.6.2.3}{\376\377\000C\000o\000p\000y\000r\000i\000g\000h\000t}{section.6.2}% 47
\BOOKMARK [2][-]{subsection.6.2.4}{\376\377\000F\000i\000l\000e\000\040\000i\000n\000f\000o\000r\000m\000a\000t\000i\000o\000n\000s}{section.6.2}% 48
\BOOKMARK [2][-]{subsection.6.2.5}{\376\377\000M\000a\000c\000r\000o\000\040\000D\000e\000f\000i\000n\000i\000t\000i\000o\000n\000\040\000D\000o\000c\000u\000m\000e\000n\000t\000a\000t\000i\000o\000n}{section.6.2}% 49
\BOOKMARK [3][-]{subsubsection.6.2.5.1}{\376\377\000E\000N\000D}{subsection.6.2.5}% 50
\BOOKMARK [1][-]{section.6.3}{\376\377\000R\000E\000A\000D\000M\000E\000.\000m\000d\000\040\000F\000i\000l\000e\000\040\000R\000e\000f\000e\000r\000e\000n\000c\000e}{chapter.6}% 51
\BOOKMARK [1][-]{section.6.4}{\376\377\000t\000r\000e\000e\000.\000h\000p\000p\000\040\000F\000i\000l\000e\000\040\000R\000e\000f\000e\000r\000e\000n\000c\000e}{chapter.6}% 52
\BOOKMARK [0][-]{section*.9}{\376\377\000I\000n\000d\000e\000x}{}% 53
